[1001/174905:ERROR:network_change_notifier_win.cc(111)] WSALookupServiceBegin failed with: 8
[1001/174910:WARNING:backend_impl.cc(1660)] Messed up entry found.
[1001/174910:WARNING:backend_impl.cc(1946)] Destroying invalid entry.
[1001/174913:INFO:CONSOLE(0)] "The page at about:blank displayed insecure content from launcher:javascriptReady.
," source: (1)
[1001/175654:ERROR:network_change_notifier_win.cc(111)] WSALookupServiceBegin failed with: 8
[1001/175659:INFO:CONSOLE(0)] "The page at about:blank displayed insecure content from launcher:javascriptReady.
," source: (1)
[1001/180225:ERROR:network_change_notifier_win.cc(111)] WSALookupServiceBegin failed with: 8
[1001/180229:INFO:CONSOLE(0)] "The page at about:blank displayed insecure content from launcher:javascriptReady.
," source: (1)
[1001/185026:ERROR:network_change_notifier_win.cc(111)] WSALookupServiceBegin failed with: 8
[1001/185031:INFO:CONSOLE(0)] "The page at about:blank displayed insecure content from launcher:javascriptReady.
," source: (1)
[1001/185400:ERROR:network_change_notifier_win.cc(111)] WSALookupServiceBegin failed with: 8
[1001/185405:INFO:CONSOLE(0)] "The page at about:blank displayed insecure content from launcher:javascriptReady.
," source: (1)
[1001/191224:ERROR:network_change_notifier_win.cc(111)] WSALookupServiceBegin failed with: 8
[1001/191228:INFO:CONSOLE(0)] "The page at about:blank displayed insecure content from launcher:javascriptReady.
," source: (1)
